<?xml version="1.0" encoding="UTF-8"?>
<testsuites name="true" time="20.199" tests="1" failures="0">
  <testsuite name="Root Suite" timestamp="2019-10-15T06:41:26" tests="0" failures="0" time="0">
  </testsuite>
  <testsuite name="Analytics Report" timestamp="2019-10-15T06:41:26" tests="1" failures="0" time="20.199">
    <testcase name="Analytics Report Post Login, Analytics Report, Loss Rate Analysis" time="20.199" classname="Post Login, Analytics Report, Loss Rate Analysis">
    </testcase>
  </testsuite>
</testsuites>