<?xml version="1.0" encoding="UTF-8"?>
<testsuites name="Mocha Tests" time="0" tests="1" failures="1">
  <testsuite name="Root Suite" timestamp="2019-10-10T13:43:31" tests="0" failures="0" time="0">
  </testsuite>
  <testsuite name="Analytics Report" timestamp="2019-10-10T13:43:31" tests="1" failures="1" time="0">
    <testcase name="Analytics Report Post Login, Analytics Report, Strats-Chart" time="0" classname="Post Login, Analytics Report, Strats-Chart">
      <failure message="cy.select() can only be called on a single &lt;select&gt;. Your subject contained 2 elements." type="CypressError"><![CDATA[CypressError: cy.select() can only be called on a single <select>. Your subject contained 2 elements.
    at Object.cypressErr (https://ares.oxanepanorama.com/__cypress/runner/cypress_runner.js:85348:11)
    at Object.throwErr (https://ares.oxanepanorama.com/__cypress/runner/cypress_runner.js:85303:18)
    at Object.throwErrByPath (https://ares.oxanepanorama.com/__cypress/runner/cypress_runner.js:85335:17)
    at Context.select (https://ares.oxanepanorama.com/__cypress/runner/cypress_runner.js:70092:16)
    at Context.<anonymous> (https://ares.oxanepanorama.com/__cypress/runner/cypress_runner.js:80256:21)
    at https://ares.oxanepanorama.com/__cypress/runner/cypress_runner.js:79783:33
    at tryCatcher (https://ares.oxanepanorama.com/__cypress/runner/cypress_runner.js:118962:23)
    at Promise._settlePromiseFromHandler (https://ares.oxanepanorama.com/__cypress/runner/cypress_runner.js:116898:31)
    at Promise._settlePromise (https://ares.oxanepanorama.com/__cypress/runner/cypress_runner.js:116955:18)
    at Promise._settlePromiseCtx (https://ares.oxanepanorama.com/__cypress/runner/cypress_runner.js:116992:10)
    at Async../node_modules/bluebird/js/release/async.js.Async._drainQueue (https://ares.oxanepanorama.com/__cypress/runner/cypress_runner.js:113692:12)
    at Async../node_modules/bluebird/js/release/async.js.Async._drainQueues (https://ares.oxanepanorama.com/__cypress/runner/cypress_runner.js:113697:10)
    at Async.drainQueues (https://ares.oxanepanorama.com/__cypress/runner/cypress_runner.js:113571:14)
    at <anonymous>]]></failure>
    </testcase>
  </testsuite>
</testsuites>