<?xml version="1.0" encoding="UTF-8"?>
<testsuites name="true" time="21.469" tests="1" failures="0">
  <testsuite name="Root Suite" timestamp="2019-10-18T07:31:16" tests="0" failures="0" time="0">
  </testsuite>
  <testsuite name="Analytics Report" timestamp="2019-10-18T07:31:16" tests="1" failures="0" time="21.469">
    <testcase name="Analytics Report Post Login, Analytics Report, Loss Rate Analysis" time="21.469" classname="Post Login, Analytics Report, Loss Rate Analysis">
    </testcase>
  </testsuite>
</testsuites>