<?xml version="1.0" encoding="UTF-8"?>
<testsuites name="true" time="41.039" tests="1" failures="0">
  <testsuite name="Root Suite" timestamp="2019-10-11T14:04:48" tests="0" failures="0" time="0">
  </testsuite>
  <testsuite name="Analytics Report" timestamp="2019-10-11T14:04:48" tests="1" failures="0" time="41.039">
    <testcase name="Analytics Report Post Login, Analytics Report, Roll Rate Analysis" time="41.039" classname="Post Login, Analytics Report, Roll Rate Analysis">
    </testcase>
  </testsuite>
</testsuites>