<?xml version="1.0" encoding="UTF-8"?>
<testsuites name="true" time="15.995" tests="1" failures="0">
  <testsuite name="Root Suite" timestamp="2019-10-16T12:42:18" tests="0" failures="0" time="0">
  </testsuite>
  <testsuite name="Analytics Report" timestamp="2019-10-16T12:42:18" tests="1" failures="0" time="15.995">
    <testcase name="Analytics Report Post Login, Analytics Report, Origination" time="15.995" classname="Post Login, Analytics Report, Origination">
    </testcase>
  </testsuite>
</testsuites>