<?xml version="1.0" encoding="UTF-8"?>
<testsuites name="true" time="12.849" tests="1" failures="0">
  <testsuite name="Root Suite" timestamp="2019-10-30T07:53:48" tests="0" failures="0" time="0">
  </testsuite>
  <testsuite name="Analytics Report" timestamp="2019-10-30T07:53:48" tests="1" failures="0" time="12.849">
    <testcase name="Analytics Report Post Login, Analytics Report, Strats" time="12.849" classname="Post Login, Analytics Report, Strats">
    </testcase>
  </testsuite>
</testsuites>