<?xml version="1.0" encoding="UTF-8"?>
<testsuites name="true" time="3375.525" tests="2" failures="0">
  <testsuite name="Root Suite" timestamp="2019-12-06T11:44:15" tests="0" failures="0" time="0">
  </testsuite>
  <testsuite name="Analytics Report" timestamp="2019-12-06T11:44:15" tests="2" failures="0" time="3375.525">
    <testcase name="Analytics Report Post Login,Loan Summary" time="2953.085" classname="Post Login,Loan Summary">
    </testcase>
    <testcase name="Analytics Report Post Login, Stratification" time="422.44" classname="Post Login, Stratification">
    </testcase>
  </testsuite>
</testsuites>