<?xml version="1.0" encoding="UTF-8"?>
<testsuites name="true" time="0" tests="1" failures="1">
  <testsuite name="Root Suite" timestamp="2019-11-13T11:56:28" tests="0" failures="0" time="0">
  </testsuite>
  <testsuite name="Analytics Report" timestamp="2019-11-13T11:56:28" tests="1" failures="1" time="0">
    <testcase name="Analytics Report Post Login, Analytics Report, Geographic Concentrations" time="0" classname="Post Login, Analytics Report, Geographic Concentrations">
      <failure message="Timed out retrying: cy.wait() timed out waiting 120000ms for the 7th response to the route: &apos;iteration&apos;. No response ever occurred." type="CypressError"><![CDATA[CypressError: Timed out retrying: cy.wait() timed out waiting 120000ms for the 7th response to the route: 'iteration'. No response ever occurred.
    at Object.cypressErr (https://ares.oxanepanorama.com/__cypress/runner/cypress_runner.js:85348:11)
    at Object.throwErr (https://ares.oxanepanorama.com/__cypress/runner/cypress_runner.js:85303:18)
    at Object.throwErrByPath (https://ares.oxanepanorama.com/__cypress/runner/cypress_runner.js:85335:17)
    at Object.retry (https://ares.oxanepanorama.com/__cypress/runner/cypress_runner.js:77321:16)
    at checkForXhr (https://ares.oxanepanorama.com/__cypress/runner/cypress_runner.js:75549:17)
    at https://ares.oxanepanorama.com/__cypress/runner/cypress_runner.js:75550:28
    at tryCatcher (https://ares.oxanepanorama.com/__cypress/runner/cypress_runner.js:118962:23)
    at Function.Promise.attempt.Promise.try (https://ares.oxanepanorama.com/__cypress/runner/cypress_runner.js:116237:29)
    at tryFn (https://ares.oxanepanorama.com/__cypress/runner/cypress_runner.js:77770:21)
    at whenStable (https://ares.oxanepanorama.com/__cypress/runner/cypress_runner.js:77805:12)
    at https://ares.oxanepanorama.com/__cypress/runner/cypress_runner.js:77364:16
    at tryCatcher (https://ares.oxanepanorama.com/__cypress/runner/cypress_runner.js:118962:23)
    at Promise._settlePromiseFromHandler (https://ares.oxanepanorama.com/__cypress/runner/cypress_runner.js:116898:31)
    at Promise._settlePromise (https://ares.oxanepanorama.com/__cypress/runner/cypress_runner.js:116955:18)
    at Promise._settlePromise0 (https://ares.oxanepanorama.com/__cypress/runner/cypress_runner.js:117000:10)
    at Promise._settlePromises (https://ares.oxanepanorama.com/__cypress/runner/cypress_runner.js:117079:18)]]></failure>
    </testcase>
  </testsuite>
</testsuites>