<?xml version="1.0" encoding="UTF-8"?>
<testsuites name="Mocha Tests" time="15.216" tests="1" failures="0">
  <testsuite name="Root Suite" timestamp="2019-10-09T12:23:59" tests="0" failures="0" time="0">
  </testsuite>
  <testsuite name="Analytics Report" timestamp="2019-10-09T12:23:59" tests="1" failures="0" time="15.216">
    <testcase name="Analytics Report Post Login, Analytics Report, Receivables Concentrations" time="15.216" classname="Post Login, Analytics Report, Receivables Concentrations">
    </testcase>
  </testsuite>
</testsuites>