<?xml version="1.0" encoding="UTF-8"?>
<testsuites name="true" time="24.834" tests="1" failures="0">
  <testsuite name="Root Suite" timestamp="2019-10-18T10:27:12" tests="0" failures="0" time="0">
  </testsuite>
  <testsuite name="Analytics Report" timestamp="2019-10-18T10:27:12" tests="1" failures="0" time="24.834">
    <testcase name="Analytics Report Post Login, Analytics Report, Geographic Concentrations" time="24.834" classname="Post Login, Analytics Report, Geographic Concentrations">
    </testcase>
  </testsuite>
</testsuites>