<?xml version="1.0" encoding="UTF-8"?>
<testsuites name="Mocha Tests" time="12.915" tests="1" failures="0">
  <testsuite name="Root Suite" timestamp="2019-10-09T13:26:12" tests="0" failures="0" time="0">
  </testsuite>
  <testsuite name="Analytics Report" timestamp="2019-10-09T13:26:12" tests="1" failures="0" time="12.915">
    <testcase name="Analytics Report Post Login, Analytics Report, Receivables Concentrations" time="12.915" classname="Post Login, Analytics Report, Receivables Concentrations">
    </testcase>
  </testsuite>
</testsuites>