<?xml version="1.0" encoding="UTF-8"?>
<testsuites name="true" time="13.841" tests="1" failures="0">
  <testsuite name="Root Suite" timestamp="2019-10-11T14:13:06" tests="0" failures="0" time="0">
  </testsuite>
  <testsuite name="Analytics Report" timestamp="2019-10-11T14:13:06" tests="1" failures="0" time="13.841">
    <testcase name="Analytics Report Post Login, Analytics Report, Strats-Chart" time="13.841" classname="Post Login, Analytics Report, Strats-Chart">
    </testcase>
  </testsuite>
</testsuites>