<?xml version="1.0" encoding="UTF-8"?>
<testsuites name="Mocha Tests" time="39.738" tests="1" failures="0">
  <testsuite name="Root Suite" timestamp="2019-10-09T10:19:40" tests="0" failures="0" time="0">
  </testsuite>
  <testsuite name="Analytics Report" timestamp="2019-10-09T10:19:41" tests="1" failures="0" time="39.738">
    <testcase name="Analytics Report Post Login, Analytics Report, Roll Rate Analysis" time="39.738" classname="Post Login, Analytics Report, Roll Rate Analysis">
    </testcase>
  </testsuite>
</testsuites>