<?xml version="1.0" encoding="UTF-8"?>
<testsuites name="Mocha Tests" time="14.959" tests="1" failures="0">
  <testsuite name="Root Suite" timestamp="2019-10-10T13:43:12" tests="0" failures="0" time="0">
  </testsuite>
  <testsuite name="Analytics Report" timestamp="2019-10-10T13:43:12" tests="1" failures="0" time="14.959">
    <testcase name="Analytics Report Post Login, Analytics Report, Origination" time="14.959" classname="Post Login, Analytics Report, Origination">
    </testcase>
  </testsuite>
</testsuites>