<?xml version="1.0" encoding="UTF-8"?>
<testsuites name="true" time="196.822" tests="2" failures="0">
  <testsuite name="Root Suite" timestamp="2019-12-06T07:49:24" tests="0" failures="0" time="0">
  </testsuite>
  <testsuite name="Analytics Report" timestamp="2019-12-06T07:49:24" tests="2" failures="0" time="196.822">
    <testcase name="Analytics Report Post Login,Loan Summary" time="159.689" classname="Post Login,Loan Summary">
    </testcase>
    <testcase name="Analytics Report Post Login, Stratification" time="37.133" classname="Post Login, Stratification">
    </testcase>
  </testsuite>
</testsuites>