<?xml version="1.0" encoding="UTF-8"?>
<testsuites name="true" time="15.449" tests="1" failures="0">
  <testsuite name="Root Suite" timestamp="2019-10-14T12:20:47" tests="0" failures="0" time="0">
  </testsuite>
  <testsuite name="Analytics Report" timestamp="2019-10-14T12:20:47" tests="1" failures="0" time="15.449">
    <testcase name="Analytics Report Post Login, Analytics Report, Receivables Concentrations" time="15.449" classname="Post Login, Analytics Report, Receivables Concentrations">
    </testcase>
  </testsuite>
</testsuites>