<?xml version="1.0" encoding="UTF-8"?>
<testsuites name="Mocha Tests" time="36.143" tests="1" failures="0">
  <testsuite name="Root Suite" timestamp="2019-10-09T12:24:19" tests="0" failures="0" time="0">
  </testsuite>
  <testsuite name="Analytics Report" timestamp="2019-10-09T12:24:19" tests="1" failures="0" time="36.143">
    <testcase name="Analytics Report Post Login, Analytics Report, Roll Rate Analysis" time="36.143" classname="Post Login, Analytics Report, Roll Rate Analysis">
    </testcase>
  </testsuite>
</testsuites>