<?xml version="1.0" encoding="UTF-8"?>
<testsuites name="true" time="57.954" tests="1" failures="0">
  <testsuite name="Root Suite" timestamp="2019-10-18T11:44:11" tests="0" failures="0" time="0">
  </testsuite>
  <testsuite name="Analytics Report" timestamp="2019-10-18T11:44:11" tests="1" failures="0" time="57.954">
    <testcase name="Analytics Report Post Login, Analytics Report, Loss Rate Analysis" time="57.954" classname="Post Login, Analytics Report, Loss Rate Analysis">
    </testcase>
  </testsuite>
</testsuites>