<?xml version="1.0" encoding="UTF-8"?>
<testsuites name="Mocha Tests" time="22.278" tests="1" failures="0">
  <testsuite name="Root Suite" timestamp="2019-10-09T13:16:13" tests="0" failures="0" time="0">
  </testsuite>
  <testsuite name="Analytics Report" timestamp="2019-10-09T13:16:13" tests="1" failures="0" time="22.278">
    <testcase name="Analytics Report Post Login, Analytics Report, Geographic Concentrations" time="22.278" classname="Post Login, Analytics Report, Geographic Concentrations">
    </testcase>
  </testsuite>
</testsuites>