<?xml version="1.0" encoding="UTF-8"?>
<testsuites name="true" time="20.8" tests="1" failures="0">
  <testsuite name="Root Suite" timestamp="2019-10-18T12:12:02" tests="0" failures="0" time="0">
  </testsuite>
  <testsuite name="Analytics Report" timestamp="2019-10-18T12:12:02" tests="1" failures="0" time="20.8">
    <testcase name="Analytics Report Post Login, Analytics Report, Delinquency" time="20.8" classname="Post Login, Analytics Report, Delinquency">
    </testcase>
  </testsuite>
</testsuites>