<?xml version="1.0" encoding="UTF-8"?>
<testsuites name="true" time="14.024" tests="1" failures="0">
  <testsuite name="Root Suite" timestamp="2019-10-30T07:50:41" tests="0" failures="0" time="0">
  </testsuite>
  <testsuite name="Analytics Report" timestamp="2019-10-30T07:50:41" tests="1" failures="0" time="14.024">
    <testcase name="Analytics Report Post Login, Analytics Report,Trend Analysis" time="14.024" classname="Post Login, Analytics Report,Trend Analysis">
    </testcase>
  </testsuite>
</testsuites>