<?xml version="1.0" encoding="UTF-8"?>
<testsuites name="true" time="0" tests="1" failures="1">
  <testsuite name="Root Suite" timestamp="2019-11-13T12:15:56" tests="0" failures="0" time="0">
  </testsuite>
  <testsuite name="Analytics Report" timestamp="2019-11-13T12:15:57" tests="1" failures="1" time="0">
    <testcase name="Analytics Report Post Login, Analytics Report, Loss Rate Analysis" time="0" classname="Post Login, Analytics Report, Loss Rate Analysis">
      <failure message="expected null to equal 200" type="AssertionError"><![CDATA[AssertionError: expected null to equal 200
    at getRet (https://ares.oxanepanorama.com/__cypress/runner/cypress_runner.js:71895:16)
    at tryCatcher (https://ares.oxanepanorama.com/__cypress/runner/cypress_runner.js:118962:23)
    at Function.Promise.attempt.Promise.try (https://ares.oxanepanorama.com/__cypress/runner/cypress_runner.js:116237:29)
    at Context.thenFn (https://ares.oxanepanorama.com/__cypress/runner/cypress_runner.js:71909:23)
    at Context.then (https://ares.oxanepanorama.com/__cypress/runner/cypress_runner.js:72229:21)
    at Context.<anonymous> (https://ares.oxanepanorama.com/__cypress/runner/cypress_runner.js:80256:21)
    at https://ares.oxanepanorama.com/__cypress/runner/cypress_runner.js:79783:33
    at tryCatcher (https://ares.oxanepanorama.com/__cypress/runner/cypress_runner.js:118962:23)
    at Promise._settlePromiseFromHandler (https://ares.oxanepanorama.com/__cypress/runner/cypress_runner.js:116898:31)
    at Promise._settlePromise (https://ares.oxanepanorama.com/__cypress/runner/cypress_runner.js:116955:18)
    at Promise._settlePromiseCtx (https://ares.oxanepanorama.com/__cypress/runner/cypress_runner.js:116992:10)
    at Async../node_modules/bluebird/js/release/async.js.Async._drainQueue (https://ares.oxanepanorama.com/__cypress/runner/cypress_runner.js:113692:12)
    at Async../node_modules/bluebird/js/release/async.js.Async._drainQueues (https://ares.oxanepanorama.com/__cypress/runner/cypress_runner.js:113697:10)
    at Async.drainQueues (https://ares.oxanepanorama.com/__cypress/runner/cypress_runner.js:113571:14)
    at <anonymous>]]></failure>
    </testcase>
  </testsuite>
</testsuites>