<?xml version="1.0" encoding="UTF-8"?>
<testsuites name="Mocha Tests" time="18.916" tests="1" failures="0">
  <testsuite name="Root Suite" timestamp="2019-10-10T09:35:21" tests="0" failures="0" time="0">
  </testsuite>
  <testsuite name="Analytics Report" timestamp="2019-10-10T09:35:21" tests="1" failures="0" time="18.916">
    <testcase name="Analytics Report Post Login, Analytics Report, Geographic Concentrations" time="18.916" classname="Post Login, Analytics Report, Geographic Concentrations">
    </testcase>
  </testsuite>
</testsuites>