<?xml version="1.0" encoding="UTF-8"?>
<testsuites name="true" time="12.174" tests="1" failures="0">
  <testsuite name="Root Suite" timestamp="2019-10-14T13:43:01" tests="0" failures="0" time="0">
  </testsuite>
  <testsuite name="Analytics Report" timestamp="2019-10-14T13:43:01" tests="1" failures="0" time="12.174">
    <testcase name="Analytics Report Post Login, Analytics Report,Trend Analysis" time="12.174" classname="Post Login, Analytics Report,Trend Analysis">
    </testcase>
  </testsuite>
</testsuites>