<?xml version="1.0" encoding="UTF-8"?>
<testsuites name="true" time="37.163" tests="1" failures="0">
  <testsuite name="Root Suite" timestamp="2019-10-11T14:03:39" tests="0" failures="0" time="0">
  </testsuite>
  <testsuite name="Analytics Report" timestamp="2019-10-11T14:03:39" tests="1" failures="0" time="37.163">
    <testcase name="Analytics Report Post Login, Analytics Report, Geographic Concentrations" time="37.163" classname="Post Login, Analytics Report, Geographic Concentrations">
    </testcase>
  </testsuite>
</testsuites>