<?xml version="1.0" encoding="UTF-8"?>
<testsuites name="true" time="21.926" tests="1" failures="0">
  <testsuite name="Root Suite" timestamp="2019-10-18T12:11:11" tests="0" failures="0" time="0">
  </testsuite>
  <testsuite name="Analytics Report" timestamp="2019-10-18T12:11:11" tests="1" failures="0" time="21.926">
    <testcase name="Analytics Report Post Login, Analytics Report, Origination" time="21.926" classname="Post Login, Analytics Report, Origination">
    </testcase>
  </testsuite>
</testsuites>