<?xml version="1.0" encoding="UTF-8"?>
<testsuites name="true" time="11.232" tests="1" failures="0">
  <testsuite name="Root Suite" timestamp="2019-10-11T14:14:06" tests="0" failures="0" time="0">
  </testsuite>
  <testsuite name="Analytics Report" timestamp="2019-10-11T14:14:06" tests="1" failures="0" time="11.232">
    <testcase name="Analytics Report Post Login, Analytics Report, Strats" time="11.232" classname="Post Login, Analytics Report, Strats">
    </testcase>
  </testsuite>
</testsuites>