<?xml version="1.0" encoding="UTF-8"?>
<testsuites name="true" time="17.16" tests="1" failures="0">
  <testsuite name="Root Suite" timestamp="2019-10-17T08:01:21" tests="0" failures="0" time="0">
  </testsuite>
  <testsuite name="Analytics Report" timestamp="2019-10-17T08:01:21" tests="1" failures="0" time="17.16">
    <testcase name="Analytics Report Post Login, Analytics Report, Origination" time="17.16" classname="Post Login, Analytics Report, Origination">
    </testcase>
  </testsuite>
</testsuites>