<?xml version="1.0" encoding="UTF-8"?>
<testsuites name="true" time="19.939" tests="1" failures="0">
  <testsuite name="Root Suite" timestamp="2019-10-22T04:39:30" tests="0" failures="0" time="0">
  </testsuite>
  <testsuite name="Analytics Report" timestamp="2019-10-22T04:39:30" tests="1" failures="0" time="19.939">
    <testcase name="Analytics Report Post Login, Analytics Report, Geographic Concentrations" time="19.939" classname="Post Login, Analytics Report, Geographic Concentrations">
    </testcase>
  </testsuite>
</testsuites>