<?xml version="1.0" encoding="UTF-8"?>
<testsuites name="Mocha Tests" time="10.415" tests="1" failures="0">
  <testsuite name="Root Suite" timestamp="2019-10-10T13:44:04" tests="0" failures="0" time="0">
  </testsuite>
  <testsuite name="Analytics Report" timestamp="2019-10-10T13:44:04" tests="1" failures="0" time="10.415">
    <testcase name="Analytics Report Post Login, Analytics Report, Strats" time="10.415" classname="Post Login, Analytics Report, Strats">
    </testcase>
  </testsuite>
</testsuites>