<?xml version="1.0" encoding="UTF-8"?>
<testsuites name="Mocha Tests" time="35.219" tests="1" failures="0">
  <testsuite name="Root Suite" timestamp="2019-10-09T13:56:04" tests="0" failures="0" time="0">
  </testsuite>
  <testsuite name="Analytics Report" timestamp="2019-10-09T13:56:04" tests="1" failures="0" time="35.219">
    <testcase name="Analytics Report Post Login, Analytics Report, Roll Rate Analysis" time="35.219" classname="Post Login, Analytics Report, Roll Rate Analysis">
    </testcase>
  </testsuite>
</testsuites>