<?xml version="1.0" encoding="UTF-8"?>
<testsuites name="Mocha Tests" time="12.414" tests="1" failures="0">
  <testsuite name="Root Suite" timestamp="2019-10-10T13:42:31" tests="0" failures="0" time="0">
  </testsuite>
  <testsuite name="Analytics Report" timestamp="2019-10-10T13:42:31" tests="1" failures="0" time="12.414">
    <testcase name="Analytics Report Post Login, Analytics Report,Trend Analysis" time="12.414" classname="Post Login, Analytics Report,Trend Analysis">
    </testcase>
  </testsuite>
</testsuites>