<?xml version="1.0" encoding="UTF-8"?>
<testsuites name="Mocha Tests" time="10.529" tests="1" failures="0">
  <testsuite name="Root Suite" timestamp="2019-10-10T13:43:50" tests="0" failures="0" time="0">
  </testsuite>
  <testsuite name="Analytics Report" timestamp="2019-10-10T13:43:50" tests="1" failures="0" time="10.529">
    <testcase name="Analytics Report Post Login, Analytics Report, Delinquency" time="10.529" classname="Post Login, Analytics Report, Delinquency">
    </testcase>
  </testsuite>
</testsuites>