<?xml version="1.0" encoding="UTF-8"?>
<testsuites name="true" time="26.386" tests="1" failures="0">
  <testsuite name="Root Suite" timestamp="2019-10-18T11:46:51" tests="0" failures="0" time="0">
  </testsuite>
  <testsuite name="Analytics Report" timestamp="2019-10-18T11:46:51" tests="1" failures="0" time="26.386">
    <testcase name="Analytics Report Post Login, Analytics Report, Delinquency" time="26.386" classname="Post Login, Analytics Report, Delinquency">
    </testcase>
  </testsuite>
</testsuites>