<?xml version="1.0" encoding="UTF-8"?>
<testsuites name="true" time="12.758" tests="1" failures="0">
  <testsuite name="Root Suite" timestamp="2019-11-13T10:37:34" tests="0" failures="0" time="0">
  </testsuite>
  <testsuite name="Analytics Report" timestamp="2019-11-13T10:37:34" tests="1" failures="0" time="12.758">
    <testcase name="Analytics Report Post Login, Analytics Report, Receivables Concentrations" time="12.758" classname="Post Login, Analytics Report, Receivables Concentrations">
    </testcase>
  </testsuite>
</testsuites>