<?xml version="1.0" encoding="UTF-8"?>
<testsuites name="true" time="15.715" tests="1" failures="0">
  <testsuite name="Root Suite" timestamp="2019-10-14T13:55:23" tests="0" failures="0" time="0">
  </testsuite>
  <testsuite name="Analytics Report" timestamp="2019-10-14T13:55:23" tests="1" failures="0" time="15.715">
    <testcase name="Analytics Report Post Login, Analytics Report, Receivables Concentrations" time="15.715" classname="Post Login, Analytics Report, Receivables Concentrations">
    </testcase>
  </testsuite>
</testsuites>