<?xml version="1.0" encoding="UTF-8"?>
<testsuites name="Mocha Tests" time="24.497" tests="1" failures="0">
  <testsuite name="Root Suite" timestamp="2019-10-09T10:18:52" tests="0" failures="0" time="0">
  </testsuite>
  <testsuite name="Analytics Report" timestamp="2019-10-09T10:18:52" tests="1" failures="0" time="24.497">
    <testcase name="Analytics Report Post Login, Analytics Report, Geographic Concentrations" time="24.497" classname="Post Login, Analytics Report, Geographic Concentrations">
    </testcase>
  </testsuite>
</testsuites>