{
  "stats": {
    "suites": 1,
    "tests": 1,
    "passes": 1,
    "pending": 0,
    "failures": 0,
    "start": "2019-10-03T06:58:59.944Z",
    "end": "2019-10-03T06:59:12.645Z",
    "duration": 12701,
    "testsRegistered": 1,
    "passPercent": 100,
    "pendingPercent": 0,
    "other": 0,
    "hasOther": false,
    "skipped": 0,
    "hasSkipped": false,
    "passPercentClass": "success",
    "pendingPercentClass": "danger"
  },
  "suites": {
    "uuid": "363deac0-eb17-4dee-93a6-198d4564e9a1",
    "title": "",
    "fullFile": "",
    "file": "",
    "beforeHooks": [],
    "afterHooks": [],
    "tests": [],
    "suites": [
      {
        "uuid": "89ccc0f4-4ea4-4c0b-aba6-bcfeacaa4267",
        "title": "Analytics Report",
        "fullFile": "",
        "file": "",
        "beforeHooks": [],
        "afterHooks": [],
        "tests": [
          {
            "title": "Post Login, Analytics Report,Trend Analysis",
            "fullTitle": "Analytics Report Post Login, Analytics Report,Trend Analysis",
            "duration": 12664,
            "state": "passed",
            "speed": "slow",
            "pass": true,
            "fail": false,
            "pending": false,
            "code": "cy.visit('/api/custom-report/view/run-report/39?t=7++++++++++++&timestampActuals=%7B%22id%22%3A324%2C%22date%22%3A%222019-08-01%22%2C%22templateStatus%22%3A%22APPROVED%22%2C%22template%22%3A%7B%22id%22%3A0%2C%22name%22%3Anull%7D%2C%22status%22%3A%22ADDED%22%2C%22source%22%3A%22ACTUALS%22%2C%22freeze%22%3Afalse%7D&entity=PORTFOLIO++++++++++++&entityId=undefined&rId=39'); //Trend Analysis\ncy.get('#trendAnalysis > [ng-if=\"vm.config\"] > .ptb5 > .fr').find('option').each(function ($TAscenario) {\n  cy.get('#trendAnalysis > [ng-if=\"vm.config\"] > .ptb5 > .fr').select($TAscenario.text());\n  cy.log('Trend Analysis', $TAscenario.text());\n});",
            "err": {},
            "isRoot": false,
            "uuid": "417500a1-4999-418e-a71e-4893cb6b29ed",
            "isHook": false,
            "skipped": false
          }
        ],
        "suites": [],
        "passes": [
          "417500a1-4999-418e-a71e-4893cb6b29ed"
        ],
        "failures": [],
        "pending": [],
        "skipped": [],
        "duration": 12664,
        "root": false,
        "rootEmpty": false,
        "_timeout": 2000
      }
    ],
    "passes": [],
    "failures": [],
    "pending": [],
    "skipped": [],
    "duration": 0,
    "root": true,
    "rootEmpty": true,
    "_timeout": 2000
  },
  "copyrightYear": 2019
}