{
  "stats": {
    "suites": 1,
    "tests": 1,
    "passes": 1,
    "pending": 0,
    "failures": 0,
    "start": "2019-10-03T13:47:59.840Z",
    "end": "2019-10-03T13:48:19.963Z",
    "duration": 20123,
    "testsRegistered": 1,
    "passPercent": 100,
    "pendingPercent": 0,
    "other": 0,
    "hasOther": false,
    "skipped": 0,
    "hasSkipped": false,
    "passPercentClass": "success",
    "pendingPercentClass": "danger"
  },
  "suites": {
    "uuid": "9f62d94b-657e-4914-ac5b-c989caf1fac5",
    "title": "",
    "fullFile": "",
    "file": "",
    "beforeHooks": [],
    "afterHooks": [],
    "tests": [],
    "suites": [
      {
        "uuid": "e2fe7ad0-e99c-4fd8-9b99-03fca897d411",
        "title": "Analytics Report",
        "fullFile": "",
        "file": "",
        "beforeHooks": [],
        "afterHooks": [],
        "tests": [
          {
            "title": "Post Login, Analytics Report, Loss Rate Analysis",
            "fullTitle": "Analytics Report Post Login, Analytics Report, Loss Rate Analysis",
            "duration": 20093,
            "state": "passed",
            "speed": "slow",
            "pass": true,
            "fail": false,
            "pending": false,
            "code": "cy.visit('/api/custom-report/view/run-report/39?t=7++++++++++++&timestampActuals=%7B%22id%22%3A324%2C%22date%22%3A%222019-08-01%22%2C%22templateStatus%22%3A%22APPROVED%22%2C%22template%22%3A%7B%22id%22%3A0%2C%22name%22%3Anull%7D%2C%22status%22%3A%22ADDED%22%2C%22source%22%3A%22ACTUALS%22%2C%22freeze%22%3Afalse%7D&entity=PORTFOLIO++++++++++++&entityId=undefined&rId=39').wait(10000); //Loss Rate Analysis\ncy.get('#lossRateAnalysis > .ptb5 > [ng-if=\"vm.support.length\"]').should('be.visible').find('option').each(function ($LRAoption) {\n  cy.get('#lossRateAnalysis > .ptb5 > [ng-if=\"vm.support.length\"]').select($LRAoption.text());\n  cy.get('#lossRateAnalysis > .ptb5 > [ng-if=\"vm.supportLimits.length\"]').find('option').each(function ($LRAscenario) {\n    cy.get('#lossRateAnalysis > .ptb5 > [ng-if=\"vm.supportLimits.length\"]').select($LRAscenario.text()); //cy.get('#lossRateAnalysis > .ptb5 > .ng-isolate-scope > .plr10 > .icon-arrowdown').click()\n    //cy.get('#lossRateAnalysis > .ptb5 > .ng-isolate-scope > .p5').find('label').each(($country)=> {\n    //cy.get('#lossRateAnalysis > .ptb5 > .ng-isolate-scope > .p5 > .noStyle .ng-pristine').click(($country).text())    \n    cy.log($LRAoption.text(), $LRAscenario.text());\n  });\n});",
            "err": {},
            "isRoot": false,
            "uuid": "840805a8-b891-4f20-8e2b-87f901e378d0",
            "isHook": false,
            "skipped": false
          }
        ],
        "suites": [],
        "passes": [
          "840805a8-b891-4f20-8e2b-87f901e378d0"
        ],
        "failures": [],
        "pending": [],
        "skipped": [],
        "duration": 20093,
        "root": false,
        "rootEmpty": false,
        "_timeout": 2000
      }
    ],
    "passes": [],
    "failures": [],
    "pending": [],
    "skipped": [],
    "duration": 0,
    "root": true,
    "rootEmpty": true,
    "_timeout": 2000
  },
  "copyrightYear": 2019
}