{
  "stats": {
    "suites": 1,
    "tests": 1,
    "passes": 1,
    "pending": 0,
    "failures": 0,
    "start": "2019-10-09T13:26:29.335Z",
    "end": "2019-10-09T13:27:04.452Z",
    "duration": 35117,
    "testsRegistered": 1,
    "passPercent": 100,
    "pendingPercent": 0,
    "other": 0,
    "hasOther": false,
    "skipped": 0,
    "hasSkipped": false,
    "passPercentClass": "success",
    "pendingPercentClass": "danger"
  },
  "suites": {
    "uuid": "57f3cf15-8964-4321-9eb3-eaa36f6b3265",
    "title": "",
    "fullFile": "",
    "file": "",
    "beforeHooks": [],
    "afterHooks": [],
    "tests": [],
    "suites": [
      {
        "uuid": "a4dc5729-acbb-4b15-9942-cd014b358bfb",
        "title": "Analytics Report",
        "fullFile": "",
        "file": "",
        "beforeHooks": [],
        "afterHooks": [],
        "tests": [
          {
            "title": "Post Login, Analytics Report, Roll Rate Analysis",
            "fullTitle": "Analytics Report Post Login, Analytics Report, Roll Rate Analysis",
            "duration": 35066,
            "state": "passed",
            "speed": "slow",
            "pass": true,
            "fail": false,
            "pending": false,
            "code": "cy.server();\ncy.route('POST', '/api/getViewExecutionResult?t=7').as('iteration');\ncy.visit('/api/custom-report/view/run-report/39?t=7++++++++++++&timestampActuals=%7B%22id%22%3A324%2C%22date%22%3A%222019-08-01%22%2C%22templateStatus%22%3A%22APPROVED%22%2C%22template%22%3A%7B%22id%22%3A0%2C%22name%22%3Anull%7D%2C%22status%22%3A%22ADDED%22%2C%22source%22%3A%22ACTUALS%22%2C%22freeze%22%3Afalse%7D&entity=PORTFOLIO++++++++++++&entityId=undefined&rId=39'); //Roll Rate Analysis\ncy.get('.ng-isolate-scope > .wid-100 > .mr10').find('option').each(function ($RRAoption) {\n  cy.get('.ng-isolate-scope > .wid-100 > .mr10').select($RRAoption.text());\n  cy.get('.ng-isolate-scope > .wid-100 > [ng-if=\"vm.dropDown.length\"]').find('option').each(function ($months) {\n    cy.get('.ng-isolate-scope > .wid-100 > [ng-if=\"vm.dropDown.length\"]').select($months.text()).wait('@iteration').then(function (response) {\n      cy.timeConversion(response.duration).then(function ($value) {\n        cy.log('Response Duration:', $value);\n        cy.log($RRAoption.text(), $months.text(), $value);\n      });\n    });\n  });\n});",
            "err": {},
            "isRoot": false,
            "uuid": "58b58174-bacc-4f93-9b36-0e79801c5e9f",
            "isHook": false,
            "skipped": false
          }
        ],
        "suites": [],
        "passes": [
          "58b58174-bacc-4f93-9b36-0e79801c5e9f"
        ],
        "failures": [],
        "pending": [],
        "skipped": [],
        "duration": 35066,
        "root": false,
        "rootEmpty": false,
        "_timeout": 2000
      }
    ],
    "passes": [],
    "failures": [],
    "pending": [],
    "skipped": [],
    "duration": 0,
    "root": true,
    "rootEmpty": true,
    "_timeout": 2000
  },
  "copyrightYear": 2019
}