{
  "stats": {
    "suites": 1,
    "tests": 1,
    "passes": 1,
    "pending": 0,
    "failures": 0,
    "start": "2019-10-03T08:37:40.968Z",
    "end": "2019-10-03T08:38:01.136Z",
    "duration": 20168,
    "testsRegistered": 1,
    "passPercent": 100,
    "pendingPercent": 0,
    "other": 0,
    "hasOther": false,
    "skipped": 0,
    "hasSkipped": false,
    "passPercentClass": "success",
    "pendingPercentClass": "danger"
  },
  "suites": {
    "uuid": "92edb242-5b9c-4601-8b88-660325f0f19f",
    "title": "",
    "fullFile": "",
    "file": "",
    "beforeHooks": [],
    "afterHooks": [],
    "tests": [],
    "suites": [
      {
        "uuid": "c35aeb24-e4e6-416e-8e02-e2ac9fb69fc9",
        "title": "Analytics Report",
        "fullFile": "",
        "file": "",
        "beforeHooks": [],
        "afterHooks": [],
        "tests": [
          {
            "title": "Post Login, Analytics Report, Geographic Concentrations",
            "fullTitle": "Analytics Report Post Login, Analytics Report, Geographic Concentrations",
            "duration": 20097,
            "state": "passed",
            "speed": "slow",
            "pass": true,
            "fail": false,
            "pending": false,
            "code": "cy.visit('/api/custom-report/view/run-report/39?t=7++++++++++++&timestampActuals=%7B%22id%22%3A324%2C%22date%22%3A%222019-08-01%22%2C%22templateStatus%22%3A%22APPROVED%22%2C%22template%22%3A%7B%22id%22%3A0%2C%22name%22%3Anull%7D%2C%22status%22%3A%22ADDED%22%2C%22source%22%3A%22ACTUALS%22%2C%22freeze%22%3Afalse%7D&entity=PORTFOLIO++++++++++++&entityId=undefined&rId=39'); //Geographic Concentrations\ncy.get('[ng-if=\"!vm.showPopup\"] > .wid-100 > .mr10').should('be.visible').find('option').each(function ($portfolio) {\n  cy.get('[ng-if=\"!vm.showPopup\"] > .wid-100 > .mr10').select($portfolio.text());\n  cy.get('[ng-if=\"!vm.showPopup\"] > .wid-100 > [ng-if=\"vm.dropDown.length\"]').find('option').each(function ($scenario) {\n    cy.get('[ng-if=\"!vm.showPopup\"] > .wid-100 > [ng-if=\"vm.dropDown.length\"]').select($scenario.text());\n    cy.log($portfolio.text(), $scenario.text());\n  });\n});",
            "err": {},
            "isRoot": false,
            "uuid": "ea842391-af59-49cf-b49c-cff3cdd0d03b",
            "isHook": false,
            "skipped": false
          }
        ],
        "suites": [],
        "passes": [
          "ea842391-af59-49cf-b49c-cff3cdd0d03b"
        ],
        "failures": [],
        "pending": [],
        "skipped": [],
        "duration": 20097,
        "root": false,
        "rootEmpty": false,
        "_timeout": 2000
      }
    ],
    "passes": [],
    "failures": [],
    "pending": [],
    "skipped": [],
    "duration": 0,
    "root": true,
    "rootEmpty": true,
    "_timeout": 2000
  },
  "copyrightYear": 2019
}